app/build/intermediates/manifest_merge_blame_file/debug/manifest-merger-blame-debug-report.txt
1<?xml version="1.0" encoding="utf-8"?>
2<manifest xmlns:android="http://schemas.android.com/apk/res/android"
3    package="com.gachugusville.thoughtsonme"
4    android:versionCode="1"
5    android:versionName="1.0" >
6
7    <uses-sdk
8        android:minSdkVersion="21"
8-->src/main/AndroidManifest.xml
9        android:targetSdkVersion="31" />
9-->src/main/AndroidManifest.xml
10
11    <uses-permission android:name="android.permission.CAMERA" />
11-->src/main/AndroidManifest.xml:6:5-65
11-->src/main/AndroidManifest.xml:6:22-62
12    <uses-permission android:name="android.permission.INTERNET" />
12-->src/main/AndroidManifest.xml:7:5-67
12-->src/main/AndroidManifest.xml:7:22-64
13    <uses-permission android:name="android.permission.READ_EXTERNAL_STORAGE" />
13-->src/main/AndroidManifest.xml:8:5-80
13-->src/main/AndroidManifest.xml:8:22-77
14    <uses-permission android:name="android.permission.ACCESS_NETWORK_STATE" />
14-->[com.google.firebase:firebase-auth:21.0.1] AndroidManifest.xml:24:5-79
14-->[com.google.firebase:firebase-auth:21.0.1] AndroidManifest.xml:24:22-76
15    <uses-permission android:name="android.permission.WAKE_LOCK" />
15-->[com.google.android.gms:play-services-measurement-api:20.0.2] AndroidManifest.xml:24:5-68
15-->[com.google.android.gms:play-services-measurement-api:20.0.2] AndroidManifest.xml:24:22-65
16    <uses-permission android:name="com.google.android.finsky.permission.BIND_GET_INSTALL_REFERRER_SERVICE" /> <!-- Include required permissions for Advertising Id -->
16-->[com.google.android.gms:play-services-measurement:20.0.2] AndroidManifest.xml:26:5-110
16-->[com.google.android.gms:play-services-measurement:20.0.2] AndroidManifest.xml:26:22-107
17    <uses-permission android:name="com.google.android.gms.permission.AD_ID" />
17-->[com.google.android.gms:play-services-ads-identifier:18.0.0] AndroidManifest.xml:23:5-79
17-->[com.google.android.gms:play-services-ads-identifier:18.0.0] AndroidManifest.xml:23:22-76
18
19    <application
19-->src/main/AndroidManifest.xml:10:5-96:19
20        android:allowBackup="true"
20-->src/main/AndroidManifest.xml:11:9-35
21        android:appComponentFactory="androidx.core.app.CoreComponentFactory"
21-->[androidx.core:core:1.5.0] AndroidManifest.xml:24:18-86
22        android:debuggable="true"
23        android:icon="@drawable/test_logo"
23-->src/main/AndroidManifest.xml:12:9-43
24        android:label="@string/app_name"
24-->src/main/AndroidManifest.xml:13:9-41
25        android:roundIcon="@drawable/test_logo"
25-->src/main/AndroidManifest.xml:14:9-48
26        android:supportsRtl="true"
26-->src/main/AndroidManifest.xml:15:9-35
27        android:testOnly="true"
28        android:theme="@style/Theme.ThoughtSOnMeLight" >
28-->src/main/AndroidManifest.xml:16:9-55
29        <activity
29-->src/main/AndroidManifest.xml:18:9-20:39
30            android:name="com.gachugusville.thoughtsonme.Settings.AccountSettingsActivity"
30-->src/main/AndroidManifest.xml:19:13-61
31            android:exported="true" />
31-->src/main/AndroidManifest.xml:20:13-36
32        <activity
32-->src/main/AndroidManifest.xml:21:9-23:39
33            android:name="com.gachugusville.thoughtsonme.OtherActivities.SearchDetailsActivity"
33-->src/main/AndroidManifest.xml:22:13-66
34            android:exported="true" />
34-->src/main/AndroidManifest.xml:23:13-36
35        <activity
35-->src/main/AndroidManifest.xml:24:9-26:39
36            android:name="com.gachugusville.thoughtsonme.OtherActivities.SearchActivity"
36-->src/main/AndroidManifest.xml:25:13-59
37            android:exported="true" />
37-->src/main/AndroidManifest.xml:26:13-36
38        <activity
38-->src/main/AndroidManifest.xml:27:9-29:39
39            android:name="com.gachugusville.thoughtsonme.CHAT.ConversationListActivity"
39-->src/main/AndroidManifest.xml:28:13-58
40            android:exported="true" />
40-->src/main/AndroidManifest.xml:29:13-36
41        <activity
41-->src/main/AndroidManifest.xml:30:9-32:39
42            android:name="com.gachugusville.thoughtsonme.OtherActivities.ForgotPasswordActivity"
42-->src/main/AndroidManifest.xml:31:13-67
43            android:exported="true" />
43-->src/main/AndroidManifest.xml:32:13-36
44        <activity
44-->src/main/AndroidManifest.xml:33:9-35:39
45            android:name="com.gachugusville.thoughtsonme.OtherActivities.LogInActivity"
45-->src/main/AndroidManifest.xml:34:13-58
46            android:exported="true" />
46-->src/main/AndroidManifest.xml:35:13-36
47        <activity
47-->src/main/AndroidManifest.xml:36:9-38:39
48            android:name="com.gachugusville.thoughtsonme.OtherActivities.UserDetailsActivity"
48-->src/main/AndroidManifest.xml:37:13-64
49            android:exported="true" />
49-->src/main/AndroidManifest.xml:38:13-36
50        <activity
50-->src/main/AndroidManifest.xml:39:9-41:39
51            android:name="com.gachugusville.thoughtsonme.OtherActivities.DashboardProfileActivity"
51-->src/main/AndroidManifest.xml:40:13-69
52            android:exported="true" />
52-->src/main/AndroidManifest.xml:41:13-36
53        <activity
53-->src/main/AndroidManifest.xml:42:9-44:39
54            android:name="com.gachugusville.thoughtsonme.Profile.EditProfileActivity"
54-->src/main/AndroidManifest.xml:43:13-56
55            android:exported="true" />
55-->src/main/AndroidManifest.xml:44:13-36
56        <activity
56-->src/main/AndroidManifest.xml:45:9-47:39
57            android:name="com.gachugusville.thoughtsonme.OtherActivities.IntroFragmentsActivity"
57-->src/main/AndroidManifest.xml:46:13-67
58            android:exported="true" />
58-->src/main/AndroidManifest.xml:47:13-36
59        <activity
59-->src/main/AndroidManifest.xml:48:9-50:39
60            android:name="com.gachugusville.thoughtsonme.OtherActivities.GoogleSignInActivity"
60-->src/main/AndroidManifest.xml:49:13-65
61            android:exported="true" />
61-->src/main/AndroidManifest.xml:50:13-36
62        <activity
62-->src/main/AndroidManifest.xml:51:9-53:39
63            android:name="com.gachugusville.thoughtsonme.OtherActivities.AddReviewActivity"
63-->src/main/AndroidManifest.xml:52:13-62
64            android:exported="true" />
64-->src/main/AndroidManifest.xml:53:13-36
65        <activity
65-->src/main/AndroidManifest.xml:54:9-56:39
66            android:name="com.gachugusville.thoughtsonme.OtherActivities.TargetDetailsActivity"
66-->src/main/AndroidManifest.xml:55:13-66
67            android:exported="true" />
67-->src/main/AndroidManifest.xml:56:13-36
68        <activity
68-->src/main/AndroidManifest.xml:57:9-59:39
69            android:name="com.gachugusville.thoughtsonme.OtherActivities.DashboardActivity"
69-->src/main/AndroidManifest.xml:58:13-62
70            android:exported="true" />
70-->src/main/AndroidManifest.xml:59:13-36
71        <activity
71-->src/main/AndroidManifest.xml:60:9-63:39
72            android:name="com.gachugusville.thoughtsonme.CHAT.MessagesActivity"
72-->src/main/AndroidManifest.xml:61:13-50
73            android:configChanges="keyboardHidden|orientation"
73-->src/main/AndroidManifest.xml:62:13-63
74            android:exported="true" />
74-->src/main/AndroidManifest.xml:63:13-36
75        <activity
75-->src/main/AndroidManifest.xml:64:9-66:39
76            android:name="com.gachugusville.thoughtsonme.OtherActivities.NotificationsActivity"
76-->src/main/AndroidManifest.xml:65:13-66
77            android:exported="true" />
77-->src/main/AndroidManifest.xml:66:13-36
78        <activity
78-->src/main/AndroidManifest.xml:67:9-69:39
79            android:name="com.gachugusville.thoughtsonme.OtherActivities.SettingsActivity"
79-->src/main/AndroidManifest.xml:68:13-61
80            android:exported="true" />
80-->src/main/AndroidManifest.xml:69:13-36
81        <activity
81-->src/main/AndroidManifest.xml:70:9-72:39
82            android:name="com.gachugusville.thoughtsonme.OtherActivities.SignUpActivity"
82-->src/main/AndroidManifest.xml:71:13-59
83            android:exported="true" />
83-->src/main/AndroidManifest.xml:72:13-36
84        <activity
84-->src/main/AndroidManifest.xml:73:9-91:20
85            android:name="com.gachugusville.thoughtsonme.MainActivity"
85-->src/main/AndroidManifest.xml:74:13-41
86            android:exported="true" >
86-->src/main/AndroidManifest.xml:75:13-36
87            <intent-filter>
87-->src/main/AndroidManifest.xml:76:13-80:29
88                <action android:name="android.intent.action.MAIN" />
88-->src/main/AndroidManifest.xml:77:17-69
88-->src/main/AndroidManifest.xml:77:25-66
89
90                <category android:name="android.intent.category.LAUNCHER" />
90-->src/main/AndroidManifest.xml:79:17-77
90-->src/main/AndroidManifest.xml:79:27-74
91            </intent-filter>
92            <intent-filter>
92-->src/main/AndroidManifest.xml:81:13-90:29
93                <action android:name="android.intent.action.VIEW" />
93-->src/main/AndroidManifest.xml:82:17-69
93-->src/main/AndroidManifest.xml:82:25-66
94
95                <category android:name="android.intent.category.DEFAULT" />
95-->src/main/AndroidManifest.xml:84:17-76
95-->src/main/AndroidManifest.xml:84:27-73
96                <category android:name="android.intent.category.BROWSABLE" />
96-->src/main/AndroidManifest.xml:85:17-78
96-->src/main/AndroidManifest.xml:85:27-75
97
98                <data
98-->src/main/AndroidManifest.xml:87:17-89:46
99                    android:host="thoughtsonme.page.link"
99-->src/main/AndroidManifest.xml:88:21-58
100                    android:scheme="https" />
100-->src/main/AndroidManifest.xml:89:21-43
101            </intent-filter>
102        </activity>
103
104        <meta-data
104-->src/main/AndroidManifest.xml:93:9-95:57
105            android:name="preloaded_fonts"
105-->src/main/AndroidManifest.xml:94:13-43
106            android:resource="@array/preloaded_fonts" />
106-->src/main/AndroidManifest.xml:95:13-54
107
108        <activity
108-->[com.google.firebase:firebase-auth:21.0.1] AndroidManifest.xml:27:9-44:20
109            android:name="com.google.firebase.auth.internal.GenericIdpActivity"
109-->[com.google.firebase:firebase-auth:21.0.1] AndroidManifest.xml:28:13-80
110            android:excludeFromRecents="true"
110-->[com.google.firebase:firebase-auth:21.0.1] AndroidManifest.xml:29:13-46
111            android:exported="true"
111-->[com.google.firebase:firebase-auth:21.0.1] AndroidManifest.xml:30:13-36
112            android:launchMode="singleTask"
112-->[com.google.firebase:firebase-auth:21.0.1] AndroidManifest.xml:31:13-44
113            android:theme="@android:style/Theme.Translucent.NoTitleBar" >
113-->[com.google.firebase:firebase-auth:21.0.1] AndroidManifest.xml:32:13-72
114            <intent-filter>
114-->[com.google.firebase:firebase-auth:21.0.1] AndroidManifest.xml:33:13-43:29
115                <action android:name="android.intent.action.VIEW" />
115-->src/main/AndroidManifest.xml:82:17-69
115-->src/main/AndroidManifest.xml:82:25-66
116
117                <category android:name="android.intent.category.DEFAULT" />
117-->src/main/AndroidManifest.xml:84:17-76
117-->src/main/AndroidManifest.xml:84:27-73
118                <category android:name="android.intent.category.BROWSABLE" />
118-->src/main/AndroidManifest.xml:85:17-78
118-->src/main/AndroidManifest.xml:85:27-75
119
120                <data
120-->src/main/AndroidManifest.xml:87:17-89:46
121                    android:host="firebase.auth"
121-->src/main/AndroidManifest.xml:88:21-58
122                    android:path="/"
123                    android:scheme="genericidp" />
123-->src/main/AndroidManifest.xml:89:21-43
124            </intent-filter>
125        </activity>
126        <activity
126-->[com.google.firebase:firebase-auth:21.0.1] AndroidManifest.xml:45:9-62:20
127            android:name="com.google.firebase.auth.internal.RecaptchaActivity"
127-->[com.google.firebase:firebase-auth:21.0.1] AndroidManifest.xml:46:13-79
128            android:excludeFromRecents="true"
128-->[com.google.firebase:firebase-auth:21.0.1] AndroidManifest.xml:47:13-46
129            android:exported="true"
129-->[com.google.firebase:firebase-auth:21.0.1] AndroidManifest.xml:48:13-36
130            android:launchMode="singleTask"
130-->[com.google.firebase:firebase-auth:21.0.1] AndroidManifest.xml:49:13-44
131            android:theme="@android:style/Theme.Translucent.NoTitleBar" >
131-->[com.google.firebase:firebase-auth:21.0.1] AndroidManifest.xml:50:13-72
132            <intent-filter>
132-->[com.google.firebase:firebase-auth:21.0.1] AndroidManifest.xml:51:13-61:29
133                <action android:name="android.intent.action.VIEW" />
133-->src/main/AndroidManifest.xml:82:17-69
133-->src/main/AndroidManifest.xml:82:25-66
134
135                <category android:name="android.intent.category.DEFAULT" />
135-->src/main/AndroidManifest.xml:84:17-76
135-->src/main/AndroidManifest.xml:84:27-73
136                <category android:name="android.intent.category.BROWSABLE" />
136-->src/main/AndroidManifest.xml:85:17-78
136-->src/main/AndroidManifest.xml:85:27-75
137
138                <data
138-->src/main/AndroidManifest.xml:87:17-89:46
139                    android:host="firebase.auth"
139-->src/main/AndroidManifest.xml:88:21-58
140                    android:path="/"
141                    android:scheme="recaptcha" />
141-->src/main/AndroidManifest.xml:89:21-43
142            </intent-filter>
143        </activity>
144
145        <service
145-->[com.google.firebase:firebase-auth:21.0.1] AndroidManifest.xml:64:9-73:19
146            android:name="com.google.firebase.auth.api.fallback.service.FirebaseAuthFallbackService"
146-->[com.google.firebase:firebase-auth:21.0.1] AndroidManifest.xml:65:13-101
147            android:enabled="true"
147-->[com.google.firebase:firebase-auth:21.0.1] AndroidManifest.xml:66:13-35
148            android:exported="false" >
148-->[com.google.firebase:firebase-auth:21.0.1] AndroidManifest.xml:67:13-37
149            <intent-filter>
149-->[com.google.firebase:firebase-auth:21.0.1] AndroidManifest.xml:68:13-72:29
150                <action android:name="com.google.firebase.auth.api.gms.service.START" />
150-->[com.google.firebase:firebase-auth:21.0.1] AndroidManifest.xml:69:17-89
150-->[com.google.firebase:firebase-auth:21.0.1] AndroidManifest.xml:69:25-86
151
152                <category android:name="android.intent.category.DEFAULT" />
152-->src/main/AndroidManifest.xml:84:17-76
152-->src/main/AndroidManifest.xml:84:27-73
153            </intent-filter>
154        </service>
155        <service
155-->[com.google.firebase:firebase-auth:21.0.1] AndroidManifest.xml:74:9-80:19
156            android:name="com.google.firebase.components.ComponentDiscoveryService"
156-->[com.google.firebase:firebase-auth:21.0.1] AndroidManifest.xml:75:13-84
157            android:directBootAware="true"
157-->[com.google.firebase:firebase-common:20.0.0] AndroidManifest.xml:35:13-43
158            android:exported="false" >
158-->[com.google.firebase:firebase-auth:21.0.1] AndroidManifest.xml:76:13-37
159            <meta-data
159-->[com.google.firebase:firebase-auth:21.0.1] AndroidManifest.xml:77:13-79:85
160                android:name="com.google.firebase.components:com.google.firebase.auth.FirebaseAuthRegistrar"
160-->[com.google.firebase:firebase-auth:21.0.1] AndroidManifest.xml:78:17-109
161                android:value="com.google.firebase.components.ComponentRegistrar" />
161-->[com.google.firebase:firebase-auth:21.0.1] AndroidManifest.xml:79:17-82
162            <meta-data
162-->[com.google.firebase:firebase-firestore:24.0.0] AndroidManifest.xml:20:13-22:85
163                android:name="com.google.firebase.components:com.google.firebase.firestore.FirestoreRegistrar"
163-->[com.google.firebase:firebase-firestore:24.0.0] AndroidManifest.xml:21:17-111
164                android:value="com.google.firebase.components.ComponentRegistrar" />
164-->[com.google.firebase:firebase-firestore:24.0.0] AndroidManifest.xml:22:17-82
165            <meta-data
165-->[com.google.firebase:firebase-database:20.0.2] AndroidManifest.xml:32:13-34:85
166                android:name="com.google.firebase.components:com.google.firebase.database.DatabaseRegistrar"
166-->[com.google.firebase:firebase-database:20.0.2] AndroidManifest.xml:33:17-109
167                android:value="com.google.firebase.components.ComponentRegistrar" />
167-->[com.google.firebase:firebase-database:20.0.2] AndroidManifest.xml:34:17-82
168            <meta-data
168-->[com.google.firebase:firebase-dynamic-links:21.0.0] AndroidManifest.xml:27:13-29:85
169                android:name="com.google.firebase.components:com.google.firebase.dynamiclinks.internal.FirebaseDynamicLinkRegistrar"
169-->[com.google.firebase:firebase-dynamic-links:21.0.0] AndroidManifest.xml:28:17-133
170                android:value="com.google.firebase.components.ComponentRegistrar" />
170-->[com.google.firebase:firebase-dynamic-links:21.0.0] AndroidManifest.xml:29:17-82
171            <meta-data
171-->[com.google.firebase:firebase-storage:20.0.0] AndroidManifest.xml:33:13-35:85
172                android:name="com.google.firebase.components:com.google.firebase.storage.StorageRegistrar"
172-->[com.google.firebase:firebase-storage:20.0.0] AndroidManifest.xml:34:17-107
173                android:value="com.google.firebase.components.ComponentRegistrar" />
173-->[com.google.firebase:firebase-storage:20.0.0] AndroidManifest.xml:35:17-82
174            <meta-data
174-->[com.google.android.gms:play-services-measurement-api:20.0.2] AndroidManifest.xml:30:13-32:85
175                android:name="com.google.firebase.components:com.google.firebase.analytics.connector.internal.AnalyticsConnectorRegistrar"
175-->[com.google.android.gms:play-services-measurement-api:20.0.2] AndroidManifest.xml:31:17-139
176                android:value="com.google.firebase.components.ComponentRegistrar" />
176-->[com.google.android.gms:play-services-measurement-api:20.0.2] AndroidManifest.xml:32:17-82
177            <meta-data
177-->[com.google.firebase:firebase-installations:17.0.0] AndroidManifest.xml:18:13-20:85
178                android:name="com.google.firebase.components:com.google.firebase.installations.FirebaseInstallationsRegistrar"
178-->[com.google.firebase:firebase-installations:17.0.0] AndroidManifest.xml:19:17-127
179                android:value="com.google.firebase.components.ComponentRegistrar" />
179-->[com.google.firebase:firebase-installations:17.0.0] AndroidManifest.xml:20:17-82
180        </service>
181
182        <provider
182-->[com.squareup.picasso:picasso:2.71828] AndroidManifest.xml:8:9-11:40
183            android:name="com.squareup.picasso.PicassoProvider"
183-->[com.squareup.picasso:picasso:2.71828] AndroidManifest.xml:9:13-64
184            android:authorities="com.gachugusville.thoughtsonme.com.squareup.picasso"
184-->[com.squareup.picasso:picasso:2.71828] AndroidManifest.xml:10:13-72
185            android:exported="false" />
185-->[com.squareup.picasso:picasso:2.71828] AndroidManifest.xml:11:13-37
186
187        <activity
187-->[com.google.android.gms:play-services-auth:19.2.0] AndroidManifest.xml:23:9-27:75
188            android:name="com.google.android.gms.auth.api.signin.internal.SignInHubActivity"
188-->[com.google.android.gms:play-services-auth:19.2.0] AndroidManifest.xml:24:13-93
189            android:excludeFromRecents="true"
189-->[com.google.android.gms:play-services-auth:19.2.0] AndroidManifest.xml:25:13-46
190            android:exported="false"
190-->[com.google.android.gms:play-services-auth:19.2.0] AndroidManifest.xml:26:13-37
191            android:theme="@android:style/Theme.Translucent.NoTitleBar" />
191-->[com.google.android.gms:play-services-auth:19.2.0] AndroidManifest.xml:27:13-72
192        <!--
193            Service handling Google Sign-In user revocation. For apps that do not integrate with
194            Google Sign-In, this service will never be started.
195        -->
196        <service
196-->[com.google.android.gms:play-services-auth:19.2.0] AndroidManifest.xml:33:9-37:51
197            android:name="com.google.android.gms.auth.api.signin.RevocationBoundService"
197-->[com.google.android.gms:play-services-auth:19.2.0] AndroidManifest.xml:34:13-89
198            android:exported="true"
198-->[com.google.android.gms:play-services-auth:19.2.0] AndroidManifest.xml:35:13-36
199            android:permission="com.google.android.gms.auth.api.signin.permission.REVOCATION_NOTIFICATION"
199-->[com.google.android.gms:play-services-auth:19.2.0] AndroidManifest.xml:36:13-107
200            android:visibleToInstantApps="true" />
200-->[com.google.android.gms:play-services-auth:19.2.0] AndroidManifest.xml:37:13-48
201
202        <provider
202-->[com.google.firebase:firebase-common:20.0.0] AndroidManifest.xml:26:9-31:39
203            android:name="com.google.firebase.provider.FirebaseInitProvider"
203-->[com.google.firebase:firebase-common:20.0.0] AndroidManifest.xml:27:13-77
204            android:authorities="com.gachugusville.thoughtsonme.firebaseinitprovider"
204-->[com.google.firebase:firebase-common:20.0.0] AndroidManifest.xml:28:13-72
205            android:directBootAware="true"
205-->[com.google.firebase:firebase-common:20.0.0] AndroidManifest.xml:29:13-43
206            android:exported="false"
206-->[com.google.firebase:firebase-common:20.0.0] AndroidManifest.xml:30:13-37
207            android:initOrder="100" />
207-->[com.google.firebase:firebase-common:20.0.0] AndroidManifest.xml:31:13-36
208
209        <activity
209-->[com.google.android.gms:play-services-base:17.6.0] AndroidManifest.xml:23:9-26:75
210            android:name="com.google.android.gms.common.api.GoogleApiActivity"
210-->[com.google.android.gms:play-services-base:17.6.0] AndroidManifest.xml:24:13-79
211            android:exported="false"
211-->[com.google.android.gms:play-services-base:17.6.0] AndroidManifest.xml:25:13-37
212            android:theme="@android:style/Theme.Translucent.NoTitleBar" />
212-->[com.google.android.gms:play-services-base:17.6.0] AndroidManifest.xml:26:13-72
213
214        <receiver
214-->[com.google.android.gms:play-services-measurement:20.0.2] AndroidManifest.xml:29:9-33:20
215            android:name="com.google.android.gms.measurement.AppMeasurementReceiver"
215-->[com.google.android.gms:play-services-measurement:20.0.2] AndroidManifest.xml:30:13-85
216            android:enabled="true"
216-->[com.google.android.gms:play-services-measurement:20.0.2] AndroidManifest.xml:31:13-35
217            android:exported="false" >
217-->[com.google.android.gms:play-services-measurement:20.0.2] AndroidManifest.xml:32:13-37
218        </receiver>
219
220        <service
220-->[com.google.android.gms:play-services-measurement:20.0.2] AndroidManifest.xml:35:9-38:40
221            android:name="com.google.android.gms.measurement.AppMeasurementService"
221-->[com.google.android.gms:play-services-measurement:20.0.2] AndroidManifest.xml:36:13-84
222            android:enabled="true"
222-->[com.google.android.gms:play-services-measurement:20.0.2] AndroidManifest.xml:37:13-35
223            android:exported="false" />
223-->[com.google.android.gms:play-services-measurement:20.0.2] AndroidManifest.xml:38:13-37
224        <service
224-->[com.google.android.gms:play-services-measurement:20.0.2] AndroidManifest.xml:39:9-43:72
225            android:name="com.google.android.gms.measurement.AppMeasurementJobService"
225-->[com.google.android.gms:play-services-measurement:20.0.2] AndroidManifest.xml:40:13-87
226            android:enabled="true"
226-->[com.google.android.gms:play-services-measurement:20.0.2] AndroidManifest.xml:41:13-35
227            android:exported="false"
227-->[com.google.android.gms:play-services-measurement:20.0.2] AndroidManifest.xml:42:13-37
228            android:permission="android.permission.BIND_JOB_SERVICE" />
228-->[com.google.android.gms:play-services-measurement:20.0.2] AndroidManifest.xml:43:13-69
229
230        <meta-data
230-->[com.google.android.gms:play-services-basement:18.0.0] AndroidManifest.xml:21:9-23:69
231            android:name="com.google.android.gms.version"
231-->[com.google.android.gms:play-services-basement:18.0.0] AndroidManifest.xml:22:13-58
232            android:value="@integer/google_play_services_version" />
232-->[com.google.android.gms:play-services-basement:18.0.0] AndroidManifest.xml:23:13-66
233    </application>
234
235</manifest>